D:\TEMP\KIR_7_4\LAB_10\LAB_10\DEBUG\LAB_10.OBJ
D:\TEMP\KIR_7_4\LAB_10\LAB_10\DEBUG\STDAFX.OBJ
D:\TEMP\KIR_7_4\LAB_10\LAB_10\DEBUG\VC110.PDB
D:\TEMP\Kir_7_4\Lab_10\Lab_10\Debug\CopyStr.obj
D:\TEMP\Kir_7_4\Lab_10\Lab_10\Debug\DlinaStroki.obj
D:\TEMP\KIR_7_4\LAB_10\DEBUG\LAB_10.ILK
D:\TEMP\KIR_7_4\LAB_10\DEBUG\LAB_10.EXE
D:\TEMP\KIR_7_4\LAB_10\DEBUG\LAB_10.PDB
D:\TEMP\Kir_7_4\Lab_10\Lab_10\Debug\Lab_10.obj
D:\TEMP\Kir_7_4\Lab_10\Lab_10\Debug\stdafx.obj
D:\TEMP\Kir_7_4\Lab_10\Lab_10\Debug\cl.command.1.tlog
D:\TEMP\Kir_7_4\Lab_10\Lab_10\Debug\CL.read.1.tlog
D:\TEMP\Kir_7_4\Lab_10\Lab_10\Debug\CL.write.1.tlog
D:\TEMP\Kir_7_4\Lab_10\Lab_10\Debug\Lab_10.write.1.tlog
D:\TEMP\Kir_7_4\Lab_10\Lab_10\Debug\link-cvtres.read.1.tlog
D:\TEMP\Kir_7_4\Lab_10\Lab_10\Debug\link-cvtres.write.1.tlog
D:\TEMP\Kir_7_4\Lab_10\Lab_10\Debug\link-rc.read.1.tlog
D:\TEMP\Kir_7_4\Lab_10\Lab_10\Debug\link-rc.write.1.tlog
D:\TEMP\Kir_7_4\Lab_10\Lab_10\Debug\link.command.1.tlog
D:\TEMP\Kir_7_4\Lab_10\Lab_10\Debug\link.read.1.tlog
D:\TEMP\Kir_7_4\Lab_10\Lab_10\Debug\link.write.1.tlog
D:\TEMP\Kir_7_4\Lab_10\Lab_10\Debug\vc110.idb
D:\TEMP\Kir_7_4\Lab_10\Lab_10\Debug\vc110.pdb
D:\TEMP\Kir_7_4\Lab_10\Debug\Lab_10.pdb
D:\TEMP\Kir_7_4\Lab_10\Debug\Lab_10.exe
D:\TEMP\Kir_7_4\Lab_10\Debug\Lab_10.ilk
