C:\USERS\USER\DOWNLOADS\12LAB\DEBUG\12LAB.PCH
C:\USERS\USER\DOWNLOADS\12LAB\DEBUG\12LAB.PCHAST
C:\USERS\USER\DOWNLOADS\12LAB\DEBUG\STDAFX.CPP.NATIVECODEANALYSIS.XML
C:\USERS\USER\DOWNLOADS\12LAB\DEBUG\STDAFX.OBJ
C:\USERS\USER\DOWNLOADS\12LAB\DEBUG\VC110.PDB
C:\USERS\USER\DOWNLOADS\12LAB\DEBUG\12LAB.CPP.NATIVECODEANALYSIS.XML
C:\USERS\USER\DOWNLOADS\12LAB\DEBUG\12LAB.OBJ
C:\Users\User\Downloads\12lab\Debug\12lab.obj
C:\Users\User\Downloads\12lab\Debug\stdafx.obj
C:\Users\User\Downloads\12lab\Debug\cl.command.1.tlog
C:\Users\User\Downloads\12lab\Debug\CL.read.1.tlog
C:\Users\User\Downloads\12lab\Debug\CL.write.1.tlog
C:\Users\User\Downloads\12lab\Debug\link-cvtres.read.1.tlog
C:\Users\User\Downloads\12lab\Debug\link-cvtres.write.1.tlog
C:\Users\User\Downloads\12lab\Debug\link-rc.read.1.tlog
C:\Users\User\Downloads\12lab\Debug\link-rc.write.1.tlog
C:\Users\User\Downloads\12lab\Debug\link.command.1.tlog
C:\Users\User\Downloads\12lab\Debug\link.read.1.tlog
C:\Users\User\Downloads\12lab\Debug\link.write.1.tlog
C:\Users\User\Downloads\12lab\Debug\12lab.pch
C:\Users\User\Downloads\12lab\Debug\12lab.pchast
C:\Users\User\Downloads\12lab\Debug\vc110.idb
C:\Users\User\Downloads\12lab\Debug\12lab.pdb
C:\Users\User\Downloads\12lab\Debug\vc110.pdb
C:\Users\User\Downloads\12lab\Debug\12lab.cpp.nativecodeanalysis.xml
C:\Users\User\Downloads\12lab\Debug\stdafx.cpp.nativecodeanalysis.xml
